<?xml version="1.0" encoding="utf-8"?><testsuites name="pytest tests"><testsuite name="pytest" errors="0" failures="0" skipped="0" tests="18" time="14.420" timestamp="2026-04-04T20:07:48.410630+00:00" hostname="agent-env-bd83609d-3bcb-4de7-a99a-73bb1629305e"><testcase classname="backend.tests.test_profile_kyc_admin.TestHealthCheck" name="test_health_endpoint" time="0.200" /><testcase classname="backend.tests.test_profile_kyc_admin.TestUserAuthentication" name="test_admin_login" time="0.417" /><testcase classname="backend.tests.test_profile_kyc_admin.TestUserAuthentication" name="test_user_login" time="0.327" /><testcase classname="backend.tests.test_profile_kyc_admin.TestProfileEndpoints" name="test_get_profile" time="0.446" /><testcase classname="backend.tests.test_profile_kyc_admin.TestProfileEndpoints" name="test_update_profile" time="0.560" /><testcase classname="backend.tests.test_profile_kyc_admin.TestKYCEndpoints" name="test_upload_kyc_document" time="0.488" /><testcase classname="backend.tests.test_profile_kyc_admin.TestKYCEndpoints" name="test_upload_invalid_document_type" time="0.476" /><testcase classname="backend.tests.test_profile_kyc_admin.TestKYCEndpoints" name="test_get_kyc_status" time="0.466" /><testcase classname="backend.tests.test_profile_kyc_admin.TestAdminBroadcast" name="test_send_broadcast" time="0.476" /><testcase classname="backend.tests.test_profile_kyc_admin.TestAdminBroadcast" name="test_broadcast_requires_admin" time="4.309" /><testcase classname="backend.tests.test_profile_kyc_admin.TestAdminPromotions" name="test_create_promotion" time="0.449" /><testcase classname="backend.tests.test_profile_kyc_admin.TestAdminPromotions" name="test_get_promotions" time="0.502" /><testcase classname="backend.tests.test_profile_kyc_admin.TestAdminBalanceAdjustment" name="test_adjust_balance" time="0.669" /><testcase classname="backend.tests.test_profile_kyc_admin.TestAdminKYCAction" name="test_kyc_approve_action" time="0.598" /><testcase classname="backend.tests.test_profile_kyc_admin.TestAdminKYCAction" name="test_kyc_invalid_action" time="0.576" /><testcase classname="backend.tests.test_profile_kyc_admin.TestAdminUsersEndpoint" name="test_get_admin_users" time="0.443" /><testcase classname="backend.tests.test_profile_kyc_admin.TestAdminWithdrawals" name="test_get_admin_withdrawals" time="0.514" /><testcase classname="backend.tests.test_profile_kyc_admin.TestUserNotifications" name="test_get_user_notifications" time="2.418" /></testsuite></testsuites>