<?xml version="1.0" encoding="utf-8"?><testsuites name="pytest tests"><testsuite name="pytest" errors="0" failures="0" skipped="0" tests="17" time="3.508" timestamp="2026-04-05T21:13:51.716596+00:00" hostname="agent-env-42a9d0d1-adb9-40e7-908d-05ec0c989e00"><testcase classname="backend.tests.test_admin_features.TestAdminAuth" name="test_admin_login" time="0.490" /><testcase classname="backend.tests.test_admin_features.TestTournamentAdminControls" name="test_get_tournaments_list" time="0.458" /><testcase classname="backend.tests.test_admin_features.TestTournamentAdminControls" name="test_update_tournament_name" time="0.223" /><testcase classname="backend.tests.test_admin_features.TestTournamentAdminControls" name="test_update_tournament_prize_pool" time="0.135" /><testcase classname="backend.tests.test_admin_features.TestTournamentAdminControls" name="test_stop_tournament" time="0.115" /><testcase classname="backend.tests.test_admin_features.TestTournamentAdminControls" name="test_resume_tournament" time="0.121" /><testcase classname="backend.tests.test_admin_features.TestTournamentAdminControls" name="test_delete_tournament" time="0.101" /><testcase classname="backend.tests.test_admin_features.TestTournamentAdminControls" name="test_delete_nonexistent_tournament" time="0.118" /><testcase classname="backend.tests.test_admin_features.TestPaymentSettings" name="test_get_payment_settings" time="0.443" /><testcase classname="backend.tests.test_admin_features.TestPaymentSettings" name="test_save_payment_settings" time="0.131" /><testcase classname="backend.tests.test_admin_features.TestPaymentSettings" name="test_verify_payment_settings_persisted" time="0.118" /><testcase classname="backend.tests.test_admin_features.TestPaymentSettings" name="test_reset_payment_settings" time="0.095" /><testcase classname="backend.tests.test_admin_features.TestPaymentSettingsUnauthorized" name="test_get_payment_settings_as_user" time="0.453" /><testcase classname="backend.tests.test_admin_features.TestPaymentSettingsUnauthorized" name="test_save_payment_settings_as_user" time="0.137" /><testcase classname="backend.tests.test_admin_features.TestHealthAndBasicEndpoints" name="test_health_endpoint" time="0.092" /><testcase classname="backend.tests.test_admin_features.TestHealthAndBasicEndpoints" name="test_assets_endpoint" time="0.109" /><testcase classname="backend.tests.test_admin_features.TestHealthAndBasicEndpoints" name="test_prices_endpoint" time="0.100" /></testsuite></testsuites>